[I 2022-01-25 08:57:13,533] Trial 71 finished with value: 0.98837484421142 and parameters: {'hidden_size': 466, 'reg_lambda': 0.18315006590982622, 'lr': 0.0007933009965449288, 'reg': 8.673736018255242e-08, 'init_std': 0.03137643810424301}. Best is trial 52 with value: 0.9030323069297328.
[I 2022-01-25 09:04:12,912] Trial 72 finished with value: 0.9229164644973893 and parameters: {'hidden_size': 450, 'reg_lambda': 0.39848917781470916, 'lr': 0.0004964678425127676, 'reg': 1.2956860016853357e-08, 'init_std': 0.08676055829403082}. Best is trial 52 with value: 0.9030323069297328.
[I 2022-01-25 09:11:04,732] Trial 73 finished with value: 0.9523448608595692 and parameters: {'hidden_size': 399, 'reg_lambda': 0.12366079267282801, 'lr': 0.000969456890593792, 'reg': 2.5219909907626297e-08, 'init_std': 0.018776462389908922}. Best is trial 52 with value: 0.9030323069297328.
[I 2022-01-25 09:18:00,855] Trial 74 finished with value: 0.9413181197636301 and parameters: {'hidden_size': 429, 'reg_lambda': 0.7770118136003624, 'lr': 0.00033541843149585335, 'reg': 3.708611334203815e-07, 'init_std': 0.028351863078173733}. Best is trial 52 with value: 0.9030323069297328.
[I 2022-01-25 09:25:05,209] Trial 75 finished with value: 0.9357125023975592 and parameters: {'hidden_size': 489, 'reg_lambda': 0.2763787501950751, 'lr': 0.0016120143938100732, 'reg': 1.234975551056862e-07, 'init_std': 0.03383826812035697}. Best is trial 52 with value: 0.9030323069297328.
[I 2022-01-25 09:32:05,788] Trial 76 finished with value: 1.071141919930272 and parameters: {'hidden_size': 414, 'reg_lambda': 805.5585468492459, 'lr': 0.0006844127709097433, 'reg': 6.055521397878199e-07, 'init_std': 0.04128608965180035}. Best is trial 52 with value: 0.9030323069297328.
[I 2022-01-25 09:39:11,566] Trial 77 finished with value: 0.9416937116951827 and parameters: {'hidden_size': 441, 'reg_lambda': 0.03220047379523334, 'lr': 0.0008492949370828229, 'reg': 1.2563912073832273e-06, 'init_std': 0.03712605684060149}. Best is trial 52 with value: 0.9030323069297328.
[I 2022-01-25 09:46:16,860] Trial 78 finished with value: 0.9382798448182065 and parameters: {'hidden_size': 471, 'reg_lambda': 1.7637683566406488, 'lr': 0.00042981619399315457, 'reg': 2.3439493055172874e-07, 'init_std': 0.012986425641394248}. Best is trial 52 with value: 0.9030323069297328.
[I 2022-01-25 09:53:05,869] Trial 79 finished with value: 0.9701280901482344 and parameters: {'hidden_size': 379, 'reg_lambda': 0.06596179010838506, 'lr': 0.0010842870590741837, 'reg': 3.583120353430091e-08, 'init_std': 0.0676541519520085}. Best is trial 52 with value: 0.9030323069297328.

Process finished with exit code 0
